____ __________________________________  _____   ________   		
|    |   \__    ___/\______   \______   \/     \  \_____  \ 
|    |   / |    |    |       _/|     ___/  \ /  \  /   |   \ 	
|    |  /  |    |    |    |   \|    |  /    Y    \/    |    \	
|______/   |____|    |____|_  /|____|  \____|__  /\_______  /	
                            \/                 \/         \/ 	
>>> UTRP Multi Objective C++ Approach by UTFSM Students :D <<< 
The passed parameters are:
	0:6:2:8
solution 1
solution 2
solution 3
solution 4
solution 5
solution 6
solution 7
solution 8
solution 9
solution 10
solution 11
solution 12
solution 13
solution 14
solution 15
solution 16
solution 17
solution 18
solution 19
solution 20
solution 21
solution 22
solution 23
solution 24
solution 25
solution 26
solution 27
solution 28
solution 29
solution 30
solution 31
solution 32
solution 33
solution 34
solution 35
solution 36
solution 37
solution 38
solution 39
solution 40
solution 41
solution 42
solution 43
solution 44
solution 45
solution 46
solution 47
solution 48
solution 49
solution 50
solution 51
solution 52
solution 53
solution 54
solution 55
solution 56
solution 57
solution 58
solution 59
solution 60
solution 61
solution 62
solution 63
solution 64
solution 65
solution 66
solution 67
solution 68
solution 69
solution 70
solution 71
solution 72
solution 73
solution 74
solution 75
solution 76
solution 77
solution 78
solution 79
solution 80
solution 81
solution 82
solution 83
solution 84
solution 85
solution 86
solution 87
solution 88
solution 89
solution 90
solution 91
solution 92
solution 93
solution 94
solution 95
solution 96
solution 97
solution 98
solution 99
solution 100
generacion 1
hypervolumen: 688.178
generacion 2
hypervolumen: 723.04
generacion 3
hypervolumen: 745.43
generacion 4
hypervolumen: 745.43
generacion 5
hypervolumen: 745.43
generacion 6
hypervolumen: 769.961
generacion 7
hypervolumen: 778.329
generacion 8
hypervolumen: 779.771
generacion 9
hypervolumen: 779.771
generacion 10
hypervolumen: 779.771
generacion 11
hypervolumen: 779.771
generacion 12
hypervolumen: 779.771
generacion 13
hypervolumen: 779.996
generacion 14
hypervolumen: 779.996
generacion 15
hypervolumen: 779.996
generacion 16
hypervolumen: 779.996
generacion 17
hypervolumen: 779.996
generacion 18
hypervolumen: 779.996
generacion 19
hypervolumen: 779.996
generacion 20
hypervolumen: 779.996
generacion 21
hypervolumen: 779.996
generacion 22
hypervolumen: 779.996
generacion 23
hypervolumen: 779.996
generacion 24
hypervolumen: 782.543
generacion 25
hypervolumen: 782.543
generacion 26
hypervolumen: 782.543
generacion 27
hypervolumen: 782.543
generacion 28
hypervolumen: 782.543
generacion 29
hypervolumen: 785.42
generacion 30
hypervolumen: 788.412
generacion 31
hypervolumen: 788.412
generacion 32
hypervolumen: 788.412
generacion 33
hypervolumen: 788.412
generacion 34
hypervolumen: 788.412
generacion 35
hypervolumen: 788.412
generacion 36
hypervolumen: 788.412
generacion 37
hypervolumen: 788.412
generacion 38
hypervolumen: 788.412
generacion 39
hypervolumen: 788.412
generacion 40
hypervolumen: 788.502
generacion 41
hypervolumen: 788.502
generacion 42
hypervolumen: 788.502
generacion 43
hypervolumen: 788.502
generacion 44
hypervolumen: 788.502
generacion 45
hypervolumen: 788.502
generacion 46
hypervolumen: 788.502
generacion 47
hypervolumen: 788.502
generacion 48
hypervolumen: 788.502
generacion 49
hypervolumen: 788.502
generacion 50
hypervolumen: 788.502
generacion 51
hypervolumen: 788.502
generacion 52
hypervolumen: 788.502
generacion 53
hypervolumen: 788.502
generacion 54
hypervolumen: 788.502
generacion 55
hypervolumen: 788.502
generacion 56
hypervolumen: 788.502
generacion 57
hypervolumen: 788.502
generacion 58
hypervolumen: 788.502
generacion 59
hypervolumen: 788.502
generacion 60
hypervolumen: 788.502
generacion 61
hypervolumen: 788.502
generacion 62
hypervolumen: 788.502
generacion 63
hypervolumen: 788.502
generacion 64
hypervolumen: 788.502
generacion 65
hypervolumen: 788.502
generacion 66
hypervolumen: 788.502
generacion 67
hypervolumen: 788.502
generacion 68
hypervolumen: 788.502
generacion 69
hypervolumen: 788.502
generacion 70
hypervolumen: 788.502
generacion 71
hypervolumen: 788.502
generacion 72
hypervolumen: 788.521
generacion 73
hypervolumen: 788.521
generacion 74
hypervolumen: 788.521
generacion 75
hypervolumen: 788.521
generacion 76
hypervolumen: 788.521
generacion 77
hypervolumen: 788.521
generacion 78
hypervolumen: 788.521
generacion 79
hypervolumen: 788.553
generacion 80
hypervolumen: 788.553
generacion 81
hypervolumen: 788.553
generacion 82
hypervolumen: 788.553
generacion 83
hypervolumen: 788.553
generacion 84
hypervolumen: 788.553
generacion 85
hypervolumen: 788.553
generacion 86
hypervolumen: 788.553
generacion 87
hypervolumen: 788.553
generacion 88
hypervolumen: 788.553
generacion 89
hypervolumen: 788.553
generacion 90
hypervolumen: 788.553
generacion 91
hypervolumen: 788.553
generacion 92
hypervolumen: 788.553
generacion 93
hypervolumen: 788.553
generacion 94
hypervolumen: 788.553
generacion 95
hypervolumen: 788.553
generacion 96
hypervolumen: 788.553
generacion 97
hypervolumen: 788.553
generacion 98
hypervolumen: 788.553
generacion 99
hypervolumen: 788.553
generacion 100
hypervolumen: 788.553
generacion 101
hypervolumen: 788.553
generacion 102
hypervolumen: 788.553
generacion 103
hypervolumen: 788.553
generacion 104
hypervolumen: 788.733
generacion 105
hypervolumen: 788.733
generacion 106
hypervolumen: 788.733
generacion 107
hypervolumen: 788.733
generacion 108
hypervolumen: 788.733
generacion 109
hypervolumen: 788.733
generacion 110
hypervolumen: 788.733
generacion 111
hypervolumen: 788.733
generacion 112
hypervolumen: 788.733
generacion 113
hypervolumen: 788.733
generacion 114
hypervolumen: 788.733
generacion 115
hypervolumen: 788.733
generacion 116
hypervolumen: 788.733
generacion 117
hypervolumen: 788.733
generacion 118
hypervolumen: 788.733
generacion 119
hypervolumen: 788.733
generacion 120
hypervolumen: 788.733
generacion 121
hypervolumen: 788.733
generacion 122
hypervolumen: 788.733
generacion 123
hypervolumen: 788.733
generacion 124
hypervolumen: 788.733
generacion 125
hypervolumen: 788.733
generacion 126
hypervolumen: 788.733
generacion 127
hypervolumen: 788.733
generacion 128
hypervolumen: 788.733
generacion 129
hypervolumen: 788.733
generacion 130
hypervolumen: 788.733
generacion 131
hypervolumen: 788.733
generacion 132
hypervolumen: 788.733
generacion 133
hypervolumen: 788.733
generacion 134
hypervolumen: 788.733
generacion 135
hypervolumen: 789.876
generacion 136
hypervolumen: 789.876
generacion 137
hypervolumen: 789.876
generacion 138
hypervolumen: 789.876
generacion 139
hypervolumen: 789.876
generacion 140
hypervolumen: 789.876
generacion 141
hypervolumen: 791.016
generacion 142
hypervolumen: 791.016
generacion 143
hypervolumen: 791.016
generacion 144
hypervolumen: 791.016
generacion 145
hypervolumen: 791.016
generacion 146
hypervolumen: 791.016
generacion 147
hypervolumen: 791.016
generacion 148
hypervolumen: 791.016
generacion 149
hypervolumen: 791.016
generacion 150
hypervolumen: 791.016
